<?xml version="1.0" encoding="UTF-8"?>
<testng-results skipped="0" failed="0" total="1" passed="1">
  <reporter-output>
  </reporter-output>
  <suite name="Default suite" duration-ms="1343" started-at="2016-09-22T09:05:28Z" finished-at="2016-09-22T09:05:30Z">
    <groups>
    </groups>
    <test name="Default test" duration-ms="1343" started-at="2016-09-22T09:05:28Z" finished-at="2016-09-22T09:05:30Z">
      <class name="com.xinma.portal.util.ip.JuheIPLocationAPITest">
        <test-method status="PASS" signature="init()[pri:0, instance:com.xinma.portal.util.ip.JuheIPLocationAPITest@7c16905e]" name="init" is-config="true" duration-ms="178" started-at="2016-09-22T17:05:28Z" finished-at="2016-09-22T17:05:28Z">
          <reporter-output>
          </reporter-output>
        </test-method> <!-- init -->
        <test-method status="PASS" signature="location()[pri:0, instance:com.xinma.portal.util.ip.JuheIPLocationAPITest@7c16905e]" name="location" duration-ms="1139" started-at="2016-09-22T17:05:28Z" finished-at="2016-09-22T17:05:30Z">
          <reporter-output>
          </reporter-output>
        </test-method> <!-- location -->
        <test-method status="PASS" signature="destroy()[pri:0, instance:com.xinma.portal.util.ip.JuheIPLocationAPITest@7c16905e]" name="destroy" is-config="true" duration-ms="1" started-at="2016-09-22T17:05:30Z" finished-at="2016-09-22T17:05:30Z">
          <reporter-output>
          </reporter-output>
        </test-method> <!-- destroy -->
      </class> <!-- com.xinma.portal.util.ip.JuheIPLocationAPITest -->
    </test> <!-- Default test -->
  </suite> <!-- Default suite -->
</testng-results>
